d:\project\ddi_comm_module\software\windows\debug\vc141.pdb
d:\project\ddi_comm_module\software\windows\debug\vc141.idb
d:\project\ddi_comm_module\software\windows\debug\dpv1.obj
d:\project\ddi_comm_module\software\windows\debug\ect.obj
d:\project\ddi_comm_module\software\windows\debug\eip.obj
d:\project\ddi_comm_module\software\windows\debug\epl.obj
d:\project\ddi_comm_module\software\windows\debug\mod.obj
d:\project\ddi_comm_module\software\windows\debug\prt.obj
d:\project\ddi_comm_module\software\windows\debug\opcua_obj.obj
d:\project\ddi_comm_module\software\windows\debug\safe_obj.obj
d:\project\ddi_comm_module\software\windows\debug\sync_obj.obj
d:\project\ddi_comm_module\software\windows\debug\appl_abcc_handler.obj
d:\project\ddi_comm_module\software\windows\debug\appl_adimap_alltypes.obj
d:\project\ddi_comm_module\software\windows\debug\appl_adimap_asm.obj
d:\project\ddi_comm_module\software\windows\debug\appl_adimap_bacnet.obj
d:\project\ddi_comm_module\software\windows\debug\appl_adimap_separate16.obj
d:\project\ddi_comm_module\software\windows\debug\appl_adimap_simple16.obj
d:\project\ddi_comm_module\software\windows\debug\appl_adimap_speed_example.obj
d:\project\ddi_comm_module\software\windows\debug\appl_adimap_sync.obj
d:\project\ddi_comm_module\software\windows\debug\appl_adimap_verif.obj
d:\project\ddi_comm_module\software\windows\debug\appl_obj_port.obj
d:\project\ddi_comm_module\software\windows\debug\main.obj
d:\project\ddi_comm_module\software\windows\debug\abcc_handler_par.obj
d:\project\ddi_comm_module\software\windows\debug\abcc_par_drv.obj
d:\project\ddi_comm_module\software\windows\debug\abcc_crc16.obj
d:\project\ddi_comm_module\software\windows\debug\abcc_handler_ser.obj
d:\project\ddi_comm_module\software\windows\debug\abcc_serial_drv.obj
d:\project\ddi_comm_module\software\windows\debug\abcc_crc32.obj
d:\project\ddi_comm_module\software\windows\debug\abcc_handler_spi.obj
d:\project\ddi_comm_module\software\windows\debug\abcc_spi_drv.obj
d:\project\ddi_comm_module\software\windows\debug\ad_obj.obj
d:\project\ddi_comm_module\software\windows\debug\anb_fsi_obj.obj
d:\project\ddi_comm_module\software\windows\debug\app_fsi_obj.obj
d:\project\ddi_comm_module\software\windows\debug\app_obj.obj
d:\project\ddi_comm_module\software\windows\debug\asm_obj.obj
d:\project\ddi_comm_module\software\windows\debug\etn_obj.obj
d:\project\ddi_comm_module\software\windows\debug\mqtt_obj.obj
d:\project\ddi_comm_module\software\windows\debug\bac.obj
d:\project\ddi_comm_module\software\windows\debug\ccl.obj
d:\project\ddi_comm_module\software\windows\debug\cfn.obj
d:\project\ddi_comm_module\software\windows\debug\cop.obj
d:\project\ddi_comm_module\software\windows\debug\dev.obj
d:\project\ddi_comm_module\software\windows\debug\abcc_sw_port.obj
d:\project\ddi_comm_module\software\windows\debug\abcc_sys_adapt.obj
d:\project\ddi_comm_module\software\windows\debug\abcc_time.obj
d:\project\ddi_comm_module\software\windows\debug\imp_tp.obj
d:\project\ddi_comm_module\software\windows\debug\abcc_cmd_seq.obj
d:\project\ddi_comm_module\software\windows\debug\abcc_debug_err.obj
d:\project\ddi_comm_module\software\windows\debug\abcc_handler.obj
d:\project\ddi_comm_module\software\windows\debug\abcc_link.obj
d:\project\ddi_comm_module\software\windows\debug\abcc_mem.obj
d:\project\ddi_comm_module\software\windows\debug\abcc_remap.obj
d:\project\ddi_comm_module\software\windows\debug\abcc_seg.obj
d:\project\ddi_comm_module\software\windows\debug\abcc_setup.obj
d:\project\ddi_comm_module\software\windows\debug\abcc_timer.obj
d:\project\ddi_comm_module\software\windows\debug\abcc_handler_par30.obj
d:\project\ddi_comm_module\software\windows\debug\abcc_par30_drv.obj
d:\project\ddi_comm_module\software\windows\debug\windows_tp.ilk
d:\project\ddi_comm_module\software\windows\debug\windows_tp.exe
d:\project\ddi_comm_module\software\windows\debug\windows_tp.pdb
d:\project\ddi_comm_module\software\windows\debug\stdafx.obj
d:\project\ddi_comm_module\software\windows\debug\windows_tp.pch
d:\project\ddi_comm_module\software\windows\debug\windows_tp.tlog\cl.command.1.tlog
d:\project\ddi_comm_module\software\windows\debug\windows_tp.tlog\cl.read.1.tlog
d:\project\ddi_comm_module\software\windows\debug\windows_tp.tlog\cl.write.1.tlog
d:\project\ddi_comm_module\software\windows\debug\windows_tp.tlog\link.command.1.tlog
d:\project\ddi_comm_module\software\windows\debug\windows_tp.tlog\link.read.1.tlog
d:\project\ddi_comm_module\software\windows\debug\windows_tp.tlog\link.write.1.tlog
